{"C:\\idx-internship\\backend\\src\\routes\\properties.js": {"path":"C:\\idx-internship\\backend\\src\\routes\\properties.js","statementMap":{"0":{"start":{"line":1,"column":16},"end":{"line":1,"column":34}},"1":{"start":{"line":2,"column":15},"end":{"line":2,"column":31}},"2":{"start":{"line":3,"column":13},"end":{"line":3,"column":35}},"3":{"start":{"line":5,"column":0},"end":{"line":35,"column":3}},"4":{"start":{"line":6,"column":2},"end":{"line":34,"column":3}},"5":{"start":{"line":7,"column":19},"end":{"line":7,"column":29}},"6":{"start":{"line":9,"column":28},"end":{"line":12,"column":5}},"7":{"start":{"line":14,"column":4},"end":{"line":19,"column":5}},"8":{"start":{"line":15,"column":6},"end":{"line":18,"column":9}},"9":{"start":{"line":21,"column":25},"end":{"line":24,"column":5}},"10":{"start":{"line":26,"column":4},"end":{"line":30,"column":7}},"11":{"start":{"line":32,"column":4},"end":{"line":32,"column":44}},"12":{"start":{"line":33,"column":4},"end":{"line":33,"column":67}},"13":{"start":{"line":37,"column":0},"end":{"line":63,"column":3}},"14":{"start":{"line":38,"column":2},"end":{"line":62,"column":3}},"15":{"start":{"line":39,"column":19},"end":{"line":39,"column":29}},"16":{"start":{"line":40,"column":23},"end":{"line":40,"column":44}},"17":{"start":{"line":42,"column":4},"end":{"line":44,"column":5}},"18":{"start":{"line":43,"column":6},"end":{"line":43,"column":63}},"19":{"start":{"line":46,"column":22},"end":{"line":49,"column":5}},"20":{"start":{"line":51,"column":4},"end":{"line":56,"column":5}},"21":{"start":{"line":52,"column":6},"end":{"line":55,"column":9}},"22":{"start":{"line":58,"column":4},"end":{"line":58,"column":25}},"23":{"start":{"line":60,"column":4},"end":{"line":60,"column":44}},"24":{"start":{"line":61,"column":4},"end":{"line":61,"column":72}},"25":{"start":{"line":66,"column":0},"end":{"line":192,"column":3}},"26":{"start":{"line":67,"column":2},"end":{"line":191,"column":3}},"27":{"start":{"line":69,"column":18},"end":{"line":69,"column":49}},"28":{"start":{"line":70,"column":19},"end":{"line":70,"column":50}},"29":{"start":{"line":73,"column":63},"end":{"line":73,"column":72}},"30":{"start":{"line":78,"column":4},"end":{"line":80,"column":5}},"31":{"start":{"line":79,"column":6},"end":{"line":79,"column":74}},"32":{"start":{"line":82,"column":4},"end":{"line":84,"column":5}},"33":{"start":{"line":83,"column":6},"end":{"line":83,"column":74}},"34":{"start":{"line":86,"column":4},"end":{"line":88,"column":5}},"35":{"start":{"line":87,"column":6},"end":{"line":87,"column":70}},"36":{"start":{"line":90,"column":4},"end":{"line":92,"column":5}},"37":{"start":{"line":91,"column":6},"end":{"line":91,"column":71}},"38":{"start":{"line":94,"column":4},"end":{"line":98,"column":5}},"39":{"start":{"line":95,"column":6},"end":{"line":97,"column":9}},"40":{"start":{"line":100,"column":4},"end":{"line":104,"column":5}},"41":{"start":{"line":101,"column":6},"end":{"line":103,"column":9}},"42":{"start":{"line":109,"column":23},"end":{"line":109,"column":25}},"43":{"start":{"line":110,"column":19},"end":{"line":110,"column":21}},"44":{"start":{"line":112,"column":4},"end":{"line":115,"column":5}},"45":{"start":{"line":113,"column":6},"end":{"line":113,"column":62}},"46":{"start":{"line":114,"column":6},"end":{"line":114,"column":24}},"47":{"start":{"line":117,"column":4},"end":{"line":120,"column":5}},"48":{"start":{"line":118,"column":6},"end":{"line":118,"column":35}},"49":{"start":{"line":119,"column":6},"end":{"line":119,"column":27}},"50":{"start":{"line":122,"column":4},"end":{"line":125,"column":5}},"51":{"start":{"line":123,"column":6},"end":{"line":123,"column":44}},"52":{"start":{"line":124,"column":6},"end":{"line":124,"column":40}},"53":{"start":{"line":127,"column":4},"end":{"line":130,"column":5}},"54":{"start":{"line":128,"column":6},"end":{"line":128,"column":44}},"55":{"start":{"line":129,"column":6},"end":{"line":129,"column":40}},"56":{"start":{"line":132,"column":4},"end":{"line":135,"column":5}},"57":{"start":{"line":133,"column":6},"end":{"line":133,"column":41}},"58":{"start":{"line":134,"column":6},"end":{"line":134,"column":34}},"59":{"start":{"line":137,"column":4},"end":{"line":140,"column":5}},"60":{"start":{"line":138,"column":6},"end":{"line":138,"column":39}},"61":{"start":{"line":139,"column":6},"end":{"line":139,"column":35}},"62":{"start":{"line":143,"column":6},"end":{"line":145,"column":12}},"63":{"start":{"line":150,"column":23},"end":{"line":154,"column":5}},"64":{"start":{"line":156,"column":26},"end":{"line":156,"column":62}},"65":{"start":{"line":157,"column":18},"end":{"line":157,"column":38}},"66":{"start":{"line":162,"column":22},"end":{"line":168,"column":5}},"67":{"start":{"line":170,"column":22},"end":{"line":173,"column":5}},"68":{"start":{"line":178,"column":4},"end":{"line":183,"column":7}},"69":{"start":{"line":186,"column":4},"end":{"line":186,"column":44}},"70":{"start":{"line":188,"column":4},"end":{"line":190,"column":7}},"71":{"start":{"line":195,"column":2},"end":{"line":197,"column":3}},"72":{"start":{"line":196,"column":4},"end":{"line":196,"column":61}},"73":{"start":{"line":198,"column":2},"end":{"line":200,"column":3}},"74":{"start":{"line":199,"column":4},"end":{"line":199,"column":61}},"75":{"start":{"line":201,"column":2},"end":{"line":201,"column":25}},"76":{"start":{"line":205,"column":0},"end":{"line":205,"column":24}}},"fnMap":{"0":{"name":"(anonymous_0)","decl":{"start":{"line":5,"column":30},"end":{"line":5,"column":31}},"loc":{"start":{"line":5,"column":49},"end":{"line":35,"column":1}},"line":5},"1":{"name":"(anonymous_1)","decl":{"start":{"line":37,"column":19},"end":{"line":37,"column":20}},"loc":{"start":{"line":37,"column":39},"end":{"line":63,"column":1}},"line":37},"2":{"name":"(anonymous_2)","decl":{"start":{"line":66,"column":16},"end":{"line":66,"column":17}},"loc":{"start":{"line":66,"column":36},"end":{"line":192,"column":1}},"line":66},"3":{"name":"validateListingId","decl":{"start":{"line":194,"column":9},"end":{"line":194,"column":26}},"loc":{"start":{"line":194,"column":31},"end":{"line":202,"column":1}},"line":194}},"branchMap":{"0":{"loc":{"start":{"line":14,"column":4},"end":{"line":19,"column":5}},"type":"if","locations":[{"start":{"line":14,"column":4},"end":{"line":19,"column":5}},{"start":{},"end":{}}],"line":14},"1":{"loc":{"start":{"line":42,"column":4},"end":{"line":44,"column":5}},"type":"if","locations":[{"start":{"line":42,"column":4},"end":{"line":44,"column":5}},{"start":{},"end":{}}],"line":42},"2":{"loc":{"start":{"line":51,"column":4},"end":{"line":56,"column":5}},"type":"if","locations":[{"start":{"line":51,"column":4},"end":{"line":56,"column":5}},{"start":{},"end":{}}],"line":51},"3":{"loc":{"start":{"line":69,"column":18},"end":{"line":69,"column":49}},"type":"binary-expr","locations":[{"start":{"line":69,"column":18},"end":{"line":69,"column":43}},{"start":{"line":69,"column":47},"end":{"line":69,"column":49}}],"line":69},"4":{"loc":{"start":{"line":70,"column":19},"end":{"line":70,"column":50}},"type":"binary-expr","locations":[{"start":{"line":70,"column":19},"end":{"line":70,"column":45}},{"start":{"line":70,"column":49},"end":{"line":70,"column":50}}],"line":70},"5":{"loc":{"start":{"line":78,"column":4},"end":{"line":80,"column":5}},"type":"if","locations":[{"start":{"line":78,"column":4},"end":{"line":80,"column":5}},{"start":{},"end":{}}],"line":78},"6":{"loc":{"start":{"line":78,"column":8},"end":{"line":78,"column":35}},"type":"binary-expr","locations":[{"start":{"line":78,"column":8},"end":{"line":78,"column":16}},{"start":{"line":78,"column":20},"end":{"line":78,"column":35}}],"line":78},"7":{"loc":{"start":{"line":82,"column":4},"end":{"line":84,"column":5}},"type":"if","locations":[{"start":{"line":82,"column":4},"end":{"line":84,"column":5}},{"start":{},"end":{}}],"line":82},"8":{"loc":{"start":{"line":82,"column":8},"end":{"line":82,"column":35}},"type":"binary-expr","locations":[{"start":{"line":82,"column":8},"end":{"line":82,"column":16}},{"start":{"line":82,"column":20},"end":{"line":82,"column":35}}],"line":82},"9":{"loc":{"start":{"line":86,"column":4},"end":{"line":88,"column":5}},"type":"if","locations":[{"start":{"line":86,"column":4},"end":{"line":88,"column":5}},{"start":{},"end":{}}],"line":86},"10":{"loc":{"start":{"line":86,"column":8},"end":{"line":86,"column":27}},"type":"binary-expr","locations":[{"start":{"line":86,"column":8},"end":{"line":86,"column":12}},{"start":{"line":86,"column":16},"end":{"line":86,"column":27}}],"line":86},"11":{"loc":{"start":{"line":90,"column":4},"end":{"line":92,"column":5}},"type":"if","locations":[{"start":{"line":90,"column":4},"end":{"line":92,"column":5}},{"start":{},"end":{}}],"line":90},"12":{"loc":{"start":{"line":90,"column":8},"end":{"line":90,"column":29}},"type":"binary-expr","locations":[{"start":{"line":90,"column":8},"end":{"line":90,"column":13}},{"start":{"line":90,"column":17},"end":{"line":90,"column":29}}],"line":90},"13":{"loc":{"start":{"line":94,"column":4},"end":{"line":98,"column":5}},"type":"if","locations":[{"start":{"line":94,"column":4},"end":{"line":98,"column":5}},{"start":{},"end":{}}],"line":94},"14":{"loc":{"start":{"line":94,"column":8},"end":{"line":94,"column":32}},"type":"binary-expr","locations":[{"start":{"line":94,"column":8},"end":{"line":94,"column":17}},{"start":{"line":94,"column":21},"end":{"line":94,"column":32}}],"line":94},"15":{"loc":{"start":{"line":100,"column":4},"end":{"line":104,"column":5}},"type":"if","locations":[{"start":{"line":100,"column":4},"end":{"line":104,"column":5}},{"start":{},"end":{}}],"line":100},"16":{"loc":{"start":{"line":112,"column":4},"end":{"line":115,"column":5}},"type":"if","locations":[{"start":{"line":112,"column":4},"end":{"line":115,"column":5}},{"start":{},"end":{}}],"line":112},"17":{"loc":{"start":{"line":117,"column":4},"end":{"line":120,"column":5}},"type":"if","locations":[{"start":{"line":117,"column":4},"end":{"line":120,"column":5}},{"start":{},"end":{}}],"line":117},"18":{"loc":{"start":{"line":122,"column":4},"end":{"line":125,"column":5}},"type":"if","locations":[{"start":{"line":122,"column":4},"end":{"line":125,"column":5}},{"start":{},"end":{}}],"line":122},"19":{"loc":{"start":{"line":127,"column":4},"end":{"line":130,"column":5}},"type":"if","locations":[{"start":{"line":127,"column":4},"end":{"line":130,"column":5}},{"start":{},"end":{}}],"line":127},"20":{"loc":{"start":{"line":132,"column":4},"end":{"line":135,"column":5}},"type":"if","locations":[{"start":{"line":132,"column":4},"end":{"line":135,"column":5}},{"start":{},"end":{}}],"line":132},"21":{"loc":{"start":{"line":137,"column":4},"end":{"line":140,"column":5}},"type":"if","locations":[{"start":{"line":137,"column":4},"end":{"line":140,"column":5}},{"start":{},"end":{}}],"line":137},"22":{"loc":{"start":{"line":143,"column":6},"end":{"line":145,"column":12}},"type":"cond-expr","locations":[{"start":{"line":144,"column":10},"end":{"line":144,"column":45}},{"start":{"line":145,"column":10},"end":{"line":145,"column":12}}],"line":143},"23":{"loc":{"start":{"line":195,"column":2},"end":{"line":197,"column":3}},"type":"if","locations":[{"start":{"line":195,"column":2},"end":{"line":197,"column":3}},{"start":{},"end":{}}],"line":195},"24":{"loc":{"start":{"line":195,"column":6},"end":{"line":195,"column":29}},"type":"binary-expr","locations":[{"start":{"line":195,"column":6},"end":{"line":195,"column":9}},{"start":{"line":195,"column":13},"end":{"line":195,"column":29}}],"line":195},"25":{"loc":{"start":{"line":198,"column":2},"end":{"line":200,"column":3}},"type":"if","locations":[{"start":{"line":198,"column":2},"end":{"line":200,"column":3}},{"start":{},"end":{}}],"line":198}},"s":{"0":1,"1":1,"2":1,"3":1,"4":2,"5":2,"6":2,"7":2,"8":0,"9":2,"10":2,"11":0,"12":0,"13":1,"14":2,"15":2,"16":2,"17":2,"18":0,"19":2,"20":2,"21":1,"22":1,"23":0,"24":0,"25":1,"26":4,"27":4,"28":4,"29":4,"30":4,"31":0,"32":4,"33":0,"34":4,"35":0,"36":4,"37":0,"38":4,"39":0,"40":4,"41":0,"42":4,"43":4,"44":4,"45":1,"46":1,"47":4,"48":0,"49":0,"50":4,"51":1,"52":1,"53":4,"54":1,"55":1,"56":4,"57":0,"58":0,"59":4,"60":0,"61":0,"62":4,"63":4,"64":4,"65":3,"66":3,"67":3,"68":3,"69":1,"70":1,"71":2,"72":0,"73":2,"74":0,"75":2,"76":1},"f":{"0":2,"1":2,"2":4,"3":2},"b":{"0":[0,2],"1":[0,2],"2":[1,1],"3":[4,3],"4":[4,4],"5":[0,4],"6":[4,1],"7":[0,4],"8":[4,1],"9":[0,4],"10":[4,0],"11":[0,4],"12":[4,0],"13":[0,4],"14":[4,4],"15":[0,4],"16":[1,3],"17":[0,4],"18":[1,3],"19":[1,3],"20":[0,4],"21":[0,4],"22":[2,2],"23":[0,2],"24":[2,2],"25":[0,2]},"_coverageSchema":"1a1c01bbd47fc00a2c39e90264f33305004495a9","hash":"11a6eb823515fcdeb97f28bed902c3c8132b630d"}
}
