TN:
SF:src\routes\properties.js
FN:5,(anonymous_0)
FN:37,(anonymous_1)
FN:66,(anonymous_2)
FN:194,validateListingId
FNF:4
FNH:4
FNDA:2,(anonymous_0)
FNDA:2,(anonymous_1)
FNDA:4,(anonymous_2)
FNDA:2,validateListingId
DA:1,1
DA:2,1
DA:3,1
DA:5,1
DA:6,2
DA:7,2
DA:9,2
DA:14,2
DA:15,0
DA:21,2
DA:26,2
DA:32,0
DA:33,0
DA:37,1
DA:38,2
DA:39,2
DA:40,2
DA:42,2
DA:43,0
DA:46,2
DA:51,2
DA:52,1
DA:58,1
DA:60,0
DA:61,0
DA:66,1
DA:67,4
DA:69,4
DA:70,4
DA:73,4
DA:78,4
DA:79,0
DA:82,4
DA:83,0
DA:86,4
DA:87,0
DA:90,4
DA:91,0
DA:94,4
DA:95,0
DA:100,4
DA:101,0
DA:109,4
DA:110,4
DA:112,4
DA:113,1
DA:114,1
DA:117,4
DA:118,0
DA:119,0
DA:122,4
DA:123,1
DA:124,1
DA:127,4
DA:128,1
DA:129,1
DA:132,4
DA:133,0
DA:134,0
DA:137,4
DA:138,0
DA:139,0
DA:143,4
DA:150,4
DA:156,4
DA:157,3
DA:162,3
DA:170,3
DA:178,3
DA:186,1
DA:188,1
DA:195,2
DA:196,0
DA:198,2
DA:199,0
DA:201,2
DA:205,1
LF:77
LH:57
BRDA:14,0,0,0
BRDA:14,0,1,2
BRDA:42,1,0,0
BRDA:42,1,1,2
BRDA:51,2,0,1
BRDA:51,2,1,1
BRDA:69,3,0,4
BRDA:69,3,1,3
BRDA:70,4,0,4
BRDA:70,4,1,4
BRDA:78,5,0,0
BRDA:78,5,1,4
BRDA:78,6,0,4
BRDA:78,6,1,1
BRDA:82,7,0,0
BRDA:82,7,1,4
BRDA:82,8,0,4
BRDA:82,8,1,1
BRDA:86,9,0,0
BRDA:86,9,1,4
BRDA:86,10,0,4
BRDA:86,10,1,0
BRDA:90,11,0,0
BRDA:90,11,1,4
BRDA:90,12,0,4
BRDA:90,12,1,0
BRDA:94,13,0,0
BRDA:94,13,1,4
BRDA:94,14,0,4
BRDA:94,14,1,4
BRDA:100,15,0,0
BRDA:100,15,1,4
BRDA:112,16,0,1
BRDA:112,16,1,3
BRDA:117,17,0,0
BRDA:117,17,1,4
BRDA:122,18,0,1
BRDA:122,18,1,3
BRDA:127,19,0,1
BRDA:127,19,1,3
BRDA:132,20,0,0
BRDA:132,20,1,4
BRDA:137,21,0,0
BRDA:137,21,1,4
BRDA:143,22,0,2
BRDA:143,22,1,2
BRDA:195,23,0,0
BRDA:195,23,1,2
BRDA:195,24,0,2
BRDA:195,24,1,2
BRDA:198,25,0,0
BRDA:198,25,1,2
BRF:52
BRH:37
end_of_record
